proguard/seeds.txt
com.leixun.smartcushion.BaseActivity
com.leixun.smartcushion.BaseActivity: BaseActivity()
com.leixun.smartcushion.CushionBeanApplication
com.leixun.smartcushion.CushionBeanApplication: CushionBeanApplication()
com.leixun.smartcushion.Guide.GuideActivity
com.leixun.smartcushion.Guide.GuideActivity: GuideActivity()
com.leixun.smartcushion.MainActivity
com.leixun.smartcushion.MainActivity: MainActivity()
com.leixun.smartcushion.Sdk.Ble.BluetoothLeService
com.leixun.smartcushion.Sdk.Ble.BluetoothLeService: BluetoothLeService()
com.leixun.smartcushion.Sdk.Connector$ConnectorType: com.leixun.smartcushion.Sdk.Connector$ConnectorType[] values()
com.leixun.smartcushion.Sdk.Connector$ConnectorType: com.leixun.smartcushion.Sdk.Connector$ConnectorType valueOf(java.lang.String)
com.leixun.smartcushion.Sdk.util.BLEReceiver
com.leixun.smartcushion.control.TemperatureCountrolStateActivity
com.leixun.smartcushion.control.TemperatureCountrolStateActivity: TemperatureCountrolStateActivity()
com.leixun.smartcushion.control.TemperatureCountrolStateActivity: void onClick(android.view.View)
com.leixun.smartcushion.setting.EditUserNameActivity
com.leixun.smartcushion.setting.EditUserNameActivity: EditUserNameActivity()
com.leixun.smartcushion.setting.EditUserNameActivity: void onClick(android.view.View)
com.leixun.smartcushion.setting.StartLearningActivity
com.leixun.smartcushion.setting.StartLearningActivity: StartLearningActivity()
com.leixun.smartcushion.setting.StartLearningActivity: void onClick(android.view.View)
com.leixun.smartcushion.setting.UserInfoActivity
com.leixun.smartcushion.setting.UserInfoActivity: UserInfoActivity()
...
com.github.mikephil.charting.renderer.BubbleChartRenderer
com.github.mikephil.charting.renderer.BubbleChartRenderer: com.github.mikephil.charting.interfaces.dataprovider.BubbleDataProvider mChart
com.github.mikephil.charting.renderer.BubbleChartRenderer: float[] sizeBuffer
com.github.mikephil.charting.renderer.BubbleChartRenderer: float[] pointBuffer
com.github.mikephil.charting.renderer.BubbleChartRenderer: float[] _hsvBuffer
com.github.mikephil.charting.renderer.BubbleChartRenderer: BubbleChartRenderer(com.github.mikephil.charting.interfaces.dataprovider.BubbleDataProvider,com.github.mikephil.charting.animation.ChartAnimator,com.github.mikephil.charting.utils.ViewPortHandler)
com.github.mikephil.charting.renderer.BubbleChartRenderer: void initBuffers()
com.github.mikephil.charting.renderer.BubbleChartRenderer: void drawData(android.graphics.Canvas)
com.github.mikephil.charting.renderer.BubbleChartRenderer: float getShapeSize(float,float,float)
com.github.mikephil.charting.renderer.BubbleChartRenderer: void drawDataSet(android.graphics.Canvas,com.github.mikephil.charting.interfaces.datasets.IBubbleDataSet)
com.github.mikephil.charting.renderer.BubbleChartRenderer: void drawValues(android.graphics.Canvas)
com.github.mikephil.charting.renderer.BubbleChartRenderer: void drawExtras(android.graphics.Canvas)
com.github.mikephil.charting.renderer.BubbleChartRenderer: void drawHighlighted(android.graphics.Canvas,com.github.mikephil.charting.highlight.Highlight[])
com.github.mikephil.charting.renderer.CandleStickChartRenderer
com.github.mikephil.charting.renderer.CandleStickChartRenderer: com.github.mikephil.charting.interfaces.dataprovider.CandleDataProvider mChart
com.github.mikephil.charting.renderer.CandleStickChartRenderer: com.github.mikephil.charting.buffer.CandleShadowBuffer[] mShadowBuffers
com.github.mikephil.charting.renderer.CandleStickChartRenderer: com.github.mikephil.charting.buffer.CandleBodyBuffer[] mBodyBuffers
com.github.mikephil.charting.renderer.CandleStickChartRenderer: CandleStickChartRenderer(com.github.mikephil.charting.interfaces.dataprovider.CandleDataProvider,com.github.mikephil.charting.animation.ChartAnimator,com.github.mikephil.charting.utils.ViewPortHandler)
com.github.mikephil.charting.renderer.CandleStickChartRenderer: void initBuffers()
com.github.mikephil.charting.renderer.CandleStickChartRenderer: void drawData(android.graphics.Canvas)
com.github.mikephil.charting.renderer.CandleStickChartRenderer: void drawDataSet(android.graphics.Canvas,com.github.mikephil.charting.interfaces.datasets.ICandleDataSet)
com.github.mikephil.charting.renderer.CandleStickChartRenderer: void drawValues(android.graphics.Canvas)
com.github.mikephil.charting.renderer.CandleStickChartRenderer: void drawExtras(android.graphics.Canvas)
com.github.mikephil.charting.renderer.CandleStickChartRenderer: void drawHighlighted(android.graphics.Canvas,com.github.mikephil.charting.highlight.Highlight[])