proguard/mapping.txt
com.leixun.smartcushion.BaseActivity -> com.leixun.smartcushion.BaseActivity:
    com.ab.view.titlebar.AbTitleBar mAbTitleBar -> u
    37:40:void onCreate(android.os.Bundle) -> onCreate
    48:62:void initState() -> j
    70:78:int getStatusBarHeight() -> k
com.leixun.smartcushion.BuildConfig -> com.leixun.smartcushion.a:
    boolean DEBUG -> a
com.leixun.smartcushion.CushionBean -> com.leixun.smartcushion.b:
    int battery -> k
    int STATE_NORMAL -> a
    int STATE_VEHICLE -> b
    int STATE_MUTE -> c
    int CHECK_PRECISE_NORMAL -> d
    int CHECK_PRECISE_HIGHT_LEVEL_1 -> e
    int CHECK_PRECISE_HIGHT_LEVEL_2 -> f
    int CHECK_PRECISE_LOW_LEVEL_1 -> g
    int CHECK_PRECISE_LOW_LEVEL_2 -> h
    int TEMPERATURE_TYPE_AUTO -> i
    int TEMPERATURE_TYPE_MATULE -> j
    int state -> l
    boolean posture_check -> m
    int check_precise -> n
    int temperature_country_state -> o
    int temperature_country_value -> p
    com.leixun.smartcushion.Sdk.DeviceInfoBean deviceInfoBean -> q
    com.leixun.smartcushion.Sdk.BleConnector mTclBleConnector -> r
    com.leixun.smartcushion.Sdk.Connector currectConnector -> s
    55:55:com.leixun.smartcushion.Sdk.DeviceInfoBean getDeviceInfoBean() -> a
    63:64:void setDeviceInfoBean(com.leixun.smartcushion.Sdk.DeviceInfoBean) -> a
    69:69:int getBattery() -> b
    75:76:void setBattery(int) -> a
    81:81:int getState() -> c
    87:88:void setState(int) -> b
    93:93:boolean isPosture_check() -> d
    99:100:void setPosture_check(boolean) -> a
    105:105:int getCheck_precise() -> e
    111:112:void setCheck_precise(int) -> c
    117:117:int getTemperature_country_state() -> f
    123:124:void setTemperature_country_state(int) -> d
    129:129:int getTemperature_country_value() -> g
    135:136:void setTemperature_country_value(int) -> e
com.leixun.smartcushion.CushionBeanApplication -> com.leixun.smartcushion.CushionBeanApplication:
    boolean userPasswordRemember -> a
    boolean ad -> b
    boolean isFirstStart -> c
    com.leixun.smartcushion.Sdk.Ble.BluetoothLeService mBluetoothLeService -> d
    com.leixun.smartcushion.CushionBeanApplication mCushionBeanApplication -> f
    android.bluetooth.BluetoothAdapter mBluetoothAdapter -> g
    boolean isBind -> h
    java.lang.String SMALLRADAR_LOG_FILE -> i
    boolean factorytest -> e
    android.content.ServiceConnection mServiceConnection -> j
    31:35:void onCreate() -> onCreate
    38:38:com.leixun.smartcushion.CushionBeanApplication getInstance() -> a
    44:45:void onTerminate() -> onTerminate
    49:57:void initBle() -> c
    60:64:void bindBLEService() -> b
com.leixun.smartcushion.CushionBeanApplication$1 -> com.leixun.smartcushion.c:
    com.leixun.smartcushion.CushionBeanApplication this$0 -> a
    72:77:void onServiceConnected(android.content.ComponentName,android.os.IBinder) -> onServiceConnected
    81:85:void onServiceDisconnected(android.content.ComponentName) -> onServiceDisconnected
com.leixun.smartcushion.Guide.GuideActivity -> com.leixun.smartcushion.Guide.GuideActivity:
    android.support.v4.view.ViewPager vp -> a
    com.leixun.smartcushion.Guide.ViewPagerAdapter vpAdapter -> b
    java.util.List views -> c
    android.widget.ImageView[] dots -> d
    int currentIndex -> e
    34:48:void onCreate(android.os.Bundle) -> onCreate
    50:64:void initViews() -> a
    67:80:void initDots() -> b
    83:92:void setCurrentDot(int) -> c
    97:97:void onPageScrollStateChanged(int) -> b
    103:103:void onPageScrolled(int,float,int) -> a
    108:109:void onPageSelected(int) -> a
...
android.support.v4.app.ShareCompat -> android.support.v4.app.ap:
    java.lang.String EXTRA_CALLING_PACKAGE -> a
    java.lang.String EXTRA_CALLING_ACTIVITY -> b
    android.support.v4.app.ShareCompat$ShareCompatImpl IMPL -> c
    173:177:java.lang.String getCallingPackage(android.app.Activity) -> a
    193:197:android.content.ComponentName getCallingActivity(android.app.Activity) -> b
    232:233:void configureMenuItem(android.view.MenuItem,android.support.v4.app.ShareCompat$IntentBuilder) -> a
    244:250:void configureMenuItem(android.view.Menu,int,android.support.v4.app.ShareCompat$IntentBuilder) -> a
    58:58:android.support.v4.app.ShareCompat$ShareCompatImpl access$000() -> a
android.support.v4.app.ShareCompat$IntentBuilder -> android.support.v4.app.ap$a:
    android.app.Activity mActivity -> a
    android.content.Intent mIntent -> b
    java.lang.CharSequence mChooserTitle -> c
    java.util.ArrayList mToAddresses -> d
    java.util.ArrayList mCcAddresses -> e
    java.util.ArrayList mBccAddresses -> f
    java.util.ArrayList mStreams -> g
    275:275:android.support.v4.app.ShareCompat$IntentBuilder from(android.app.Activity) -> a
    296:336:android.content.Intent getIntent() -> a
    340:340:android.app.Activity getActivity() -> b
    344:352:void combineArrayExtra(java.lang.String,java.util.ArrayList) -> a
    356:363:void combineArrayExtra(java.lang.String,java.lang.String[]) -> a
    373:373:android.content.Intent createChooserIntent() -> c
    386:387:void startChooser() -> d
    396:397:android.support.v4.app.ShareCompat$IntentBuilder setChooserTitle(java.lang.CharSequence) -> a
    407:407:android.support.v4.app.ShareCompat$IntentBuilder setChooserTitle(int) -> a
    418:419:android.support.v4.app.ShareCompat$IntentBuilder setType(java.lang.String) -> a
    431:432:android.support.v4.app.ShareCompat$IntentBuilder setText(java.lang.CharSequence) -> b
    447:452:android.support.v4.app.ShareCompat$IntentBuilder setHtmlText(java.lang.String) -> b
    466:471:android.support.v4.app.ShareCompat$IntentBuilder setStream(android.net.Uri) -> a
    486:498:android.support.v4.app.ShareCompat$IntentBuilder addStream(android.net.Uri) -> b
android.support.v4.app.ShareCompat$IntentReader -> android.support.v4.app.ap$b:
    java.lang.String TAG -> a
    android.app.Activity mActivity -> b
    android.content.Intent mIntent -> c
    java.lang.String mCallingPackage -> d
    android.content.ComponentName mCallingActivity -> e
    java.util.ArrayList mStreams -> f
    672:672:android.support.v4.app.ShareCompat$IntentReader from(android.app.Activity) -> a
    691:692:boolean isShareIntent() -> a
    704:704:boolean isSingleShare() -> b
    715:715:boolean isMultipleShare() -> c
    725:725:java.lang.String getType() -> d
    735:735:java.lang.CharSequence getText() -> e
    749:758:java.lang.String getHtmlText() -> f
    773:773:android.net.Uri getStream() -> g
    786:795:android.net.Uri getStream(int) -> a
    807:813:int getStreamCount() -> h
    823:823:java.lang.String[] getEmailTo() -> i
    833:833:java.lang.String[] getEmailCc() -> j
    843:843:java.lang.String[] getEmailBcc() -> k
    853:853:java.lang.String getSubject() -> l
    870:870:java.lang.String getCallingPackage() -> m
    887:887:android.content.ComponentName getCallingActivity() -> n
    901:909:android.graphics.drawable.Drawable getCallingActivityIcon() -> o
    923:931:android.graphics.drawable.Drawable getCallingApplicationIcon() -> p
    945:953:java.lang.CharSequence getCallingApplicationLabel() -> q
android.support.v4.app.ShareCompat$ShareCompatImpl -> android.support.v4.app.ap$c:
    void configureMenuItem(android.view.MenuItem,android.support.v4.app.ShareCompat$IntentBuilder) -> a
    java.lang.String escapeHtml(java.lang.CharSequence) -> a